<?xml version="1.0" encoding="UTF-8"?>
<testng-results skipped="0" failed="0" ignored="0" total="1" passed="1">
  <reporter-output>
  </reporter-output>
  <suite name="Default suite" duration-ms="38" started-at="2020-06-05T00:58:00 IST" finished-at="2020-06-05T00:58:00 IST">
    <groups>
    </groups>
    <test name="Default test" duration-ms="38" started-at="2020-06-05T00:58:00 IST" finished-at="2020-06-05T00:58:00 IST">
      <class name="com.demo.test.TestCase">
        <test-method status="PASS" signature="checkLogin()[pri:0, instance:com.demo.test.TestCase@130f889]" name="checkLogin" duration-ms="9" started-at="2020-06-05T00:58:00 IST" finished-at="2020-06-05T00:58:00 IST">
          <reporter-output>
          </reporter-output>
        </test-method> <!-- checkLogin -->
      </class> <!-- com.demo.test.TestCase -->
    </test> <!-- Default test -->
  </suite> <!-- Default suite -->
</testng-results>
